C:\Program Files (x86)\Microsoft Visual Studio\2019\Community\MSBuild\Microsoft\VC\v160\Microsoft.CppBuild.targets(459,5): warning MSB8028: The intermediate directory (Debug\) contains files shared from another project (CGIP08.vcxproj, CGIP09.vcxproj, CGIP10.vcxproj, ProyFinalCGI.vcxproj).  This can lead to incorrect clean and rebuild behavior.
  EspinosaGarciaDiego_PROYECTO_GPO08.cpp
C:\Users\fenix\Desktop\Proyecto Final CGI\Proyecto\VF8\PFCGI\CGIP08\Camera.h(88,9): warning C4101: 'pos': variable local sin referencia
C:\Users\fenix\Desktop\Proyecto Final CGI\Proyecto\VF8\PFCGI\CGIP08\EspinosaGarciaDiego_PROYECTO_GPO08.cpp(601,24): warning C4244: 'inicializando': conversión de 'double' a 'GLfloat'; posible pérdida de datos
C:\Users\fenix\Desktop\Proyecto Final CGI\Proyecto\VF8\PFCGI\CGIP08\EspinosaGarciaDiego_PROYECTO_GPO08.cpp(1127,15): warning C4305: '+=': truncamiento de 'double' a 'float'
C:\Users\fenix\Desktop\Proyecto Final CGI\Proyecto\VF8\PFCGI\CGIP08\EspinosaGarciaDiego_PROYECTO_GPO08.cpp(1134,15): warning C4305: '-=': truncamiento de 'double' a 'float'
C:\Users\fenix\Desktop\Proyecto Final CGI\Proyecto\VF8\PFCGI\CGIP08\EspinosaGarciaDiego_PROYECTO_GPO08.cpp(1140,15): warning C4305: '+=': truncamiento de 'double' a 'float'
C:\Users\fenix\Desktop\Proyecto Final CGI\Proyecto\VF8\PFCGI\CGIP08\EspinosaGarciaDiego_PROYECTO_GPO08.cpp(1146,15): warning C4305: '-=': truncamiento de 'double' a 'float'
C:\Users\fenix\Desktop\Proyecto Final CGI\Proyecto\VF8\PFCGI\CGIP08\EspinosaGarciaDiego_PROYECTO_GPO08.cpp(1607,11): warning C4244: '=': conversión de 'double' a 'GLfloat'; posible pérdida de datos
C:\Users\fenix\Desktop\Proyecto Final CGI\Proyecto\VF8\PFCGI\CGIP08\EspinosaGarciaDiego_PROYECTO_GPO08.cpp(1608,11): warning C4244: '=': conversión de 'double' a 'GLfloat'; posible pérdida de datos
C:\Users\fenix\Desktop\Proyecto Final CGI\Proyecto\VF8\PFCGI\CGIP08\EspinosaGarciaDiego_PROYECTO_GPO08.cpp(1612,18): warning C4244: 'inicializando': conversión de 'double' a 'GLfloat'; posible pérdida de datos
C:\Users\fenix\Desktop\Proyecto Final CGI\Proyecto\VF8\PFCGI\CGIP08\EspinosaGarciaDiego_PROYECTO_GPO08.cpp(1613,18): warning C4244: 'inicializando': conversión de 'double' a 'GLfloat'; posible pérdida de datos
C:\Users\fenix\Desktop\Proyecto Final CGI\Proyecto\VF8\PFCGI\CGIP08\EspinosaGarciaDiego_PROYECTO_GPO08.cpp(1615,10): warning C4244: '=': conversión de 'double' a 'GLfloat'; posible pérdida de datos
C:\Users\fenix\Desktop\Proyecto Final CGI\Proyecto\VF8\PFCGI\CGIP08\EspinosaGarciaDiego_PROYECTO_GPO08.cpp(1616,10): warning C4244: '=': conversión de 'double' a 'GLfloat'; posible pérdida de datos
LINK : warning LNK4098: la biblioteca predeterminada'MSVCRT' entra en conflicto con otras bibliotecas; use la biblioteca /NODEFAULTLIB:biblioteca
soil2-debug.lib(etc1_utils.obj) : warning LNK4099: no se encontró PDB 'soil2-debug.pdb' con 'soil2-debug.lib(etc1_utils.obj)' o en 'C:\Users\fenix\Desktop\Proyecto Final CGI\Proyecto\VF8\PFCGI\Debug\soil2-debug.pdb'; se vinculará el objeto sin tener en cuenta información de depuración
soil2-debug.lib(image_DXT.obj) : warning LNK4099: no se encontró PDB 'soil2-debug.pdb' con 'soil2-debug.lib(image_DXT.obj)' o en 'C:\Users\fenix\Desktop\Proyecto Final CGI\Proyecto\VF8\PFCGI\Debug\soil2-debug.pdb'; se vinculará el objeto sin tener en cuenta información de depuración
soil2-debug.lib(image_helper.obj) : warning LNK4099: no se encontró PDB 'soil2-debug.pdb' con 'soil2-debug.lib(image_helper.obj)' o en 'C:\Users\fenix\Desktop\Proyecto Final CGI\Proyecto\VF8\PFCGI\Debug\soil2-debug.pdb'; se vinculará el objeto sin tener en cuenta información de depuración
soil2-debug.lib(SOIL2.obj) : warning LNK4099: no se encontró PDB 'soil2-debug.pdb' con 'soil2-debug.lib(SOIL2.obj)' o en 'C:\Users\fenix\Desktop\Proyecto Final CGI\Proyecto\VF8\PFCGI\Debug\soil2-debug.pdb'; se vinculará el objeto sin tener en cuenta información de depuración
  CGIP08.vcxproj -> C:\Users\fenix\Desktop\Proyecto Final CGI\Proyecto\VF8\PFCGI\Debug\EspinosaGarciaDiego_PROYECTO_GPO08.exe
