c:\users\fenix\desktop\cgi\lab\cgip10\cgip08\debug\vc142.pdb
c:\users\fenix\desktop\cgi\lab\cgip10\cgip08\debug\vc142.idb
c:\users\fenix\desktop\cgi\lab\cgip10\cgip08\debug\main_prac9.obj
c:\users\fenix\desktop\cgi\lab\cgip11\cgip08\debug\vc142.pdb
c:\users\fenix\desktop\cgi\lab\cgip11\cgip08\debug\vc142.idb
c:\users\fenix\desktop\cgi\lab\cgip11\cgip08\debug\main_prac10.obj
c:\users\fenix\desktop\cgi\lab\cgip10\debug\cgip10.exe
c:\users\fenix\desktop\cgi\lab\cgip10\debug\cgip10.ilk
c:\users\fenix\desktop\cgi\lab\cgip10\debug\cgip10.pdb
c:\users\fenix\desktop\cgi\lab\cgip11\debug\cgip10.exe
c:\users\fenix\desktop\cgi\lab\cgip11\debug\cgip10.ilk
c:\users\fenix\desktop\cgi\lab\cgip11\debug\cgip10.pdb
c:\users\fenix\desktop\cgi\lab\cgip11\cgip08\debug\main_p8pt2.obj
c:\users\fenix\desktop\cgi\lab\cgip11\cgip08\debug\main_prac8.obj
c:\users\fenix\desktop\cgi\lab\cgip11\cgip08\debug\main_prac9.obj
c:\users\fenix\desktop\cgi\lab\cgip11\cgip08\debug\cgip10.tlog\cl.command.1.tlog
c:\users\fenix\desktop\cgi\lab\cgip11\cgip08\debug\cgip10.tlog\cl.read.1.tlog
c:\users\fenix\desktop\cgi\lab\cgip11\cgip08\debug\cgip10.tlog\cl.write.1.tlog
c:\users\fenix\desktop\cgi\lab\cgip11\cgip08\debug\cgip10.tlog\link.command.1.tlog
c:\users\fenix\desktop\cgi\lab\cgip11\cgip08\debug\cgip10.tlog\link.read.1.tlog
c:\users\fenix\desktop\cgi\lab\cgip11\cgip08\debug\cgip10.tlog\link.write.1.tlog
