  EspinosaGarciaDiego_PROYECTO_GPO08.cpp
C:\Users\fenix\Desktop\Proyecto Final CGI\Proyecto\VF8\PFCGI\CGIP08\Camera.h(88,9): warning C4101: 'pos': variable local sin referencia
C:\Users\fenix\Desktop\Proyecto Final CGI\Proyecto\VF8\PFCGI\CGIP08\EspinosaGarciaDiego_PROYECTO_GPO08.cpp(599,24): warning C4244: 'inicializando': conversión de 'double' a 'GLfloat'; posible pérdida de datos
C:\Users\fenix\Desktop\Proyecto Final CGI\Proyecto\VF8\PFCGI\CGIP08\EspinosaGarciaDiego_PROYECTO_GPO08.cpp(1123,15): warning C4305: '+=': truncamiento de 'double' a 'float'
C:\Users\fenix\Desktop\Proyecto Final CGI\Proyecto\VF8\PFCGI\CGIP08\EspinosaGarciaDiego_PROYECTO_GPO08.cpp(1130,15): warning C4305: '-=': truncamiento de 'double' a 'float'
C:\Users\fenix\Desktop\Proyecto Final CGI\Proyecto\VF8\PFCGI\CGIP08\EspinosaGarciaDiego_PROYECTO_GPO08.cpp(1136,15): warning C4305: '+=': truncamiento de 'double' a 'float'
C:\Users\fenix\Desktop\Proyecto Final CGI\Proyecto\VF8\PFCGI\CGIP08\EspinosaGarciaDiego_PROYECTO_GPO08.cpp(1142,15): warning C4305: '-=': truncamiento de 'double' a 'float'
C:\Users\fenix\Desktop\Proyecto Final CGI\Proyecto\VF8\PFCGI\CGIP08\EspinosaGarciaDiego_PROYECTO_GPO08.cpp(1477,11): warning C4244: '=': conversión de 'double' a 'GLfloat'; posible pérdida de datos
C:\Users\fenix\Desktop\Proyecto Final CGI\Proyecto\VF8\PFCGI\CGIP08\EspinosaGarciaDiego_PROYECTO_GPO08.cpp(1478,11): warning C4244: '=': conversión de 'double' a 'GLfloat'; posible pérdida de datos
C:\Users\fenix\Desktop\Proyecto Final CGI\Proyecto\VF8\PFCGI\CGIP08\EspinosaGarciaDiego_PROYECTO_GPO08.cpp(1482,18): warning C4244: 'inicializando': conversión de 'double' a 'GLfloat'; posible pérdida de datos
C:\Users\fenix\Desktop\Proyecto Final CGI\Proyecto\VF8\PFCGI\CGIP08\EspinosaGarciaDiego_PROYECTO_GPO08.cpp(1483,18): warning C4244: 'inicializando': conversión de 'double' a 'GLfloat'; posible pérdida de datos
C:\Users\fenix\Desktop\Proyecto Final CGI\Proyecto\VF8\PFCGI\CGIP08\EspinosaGarciaDiego_PROYECTO_GPO08.cpp(1485,10): warning C4244: '=': conversión de 'double' a 'GLfloat'; posible pérdida de datos
C:\Users\fenix\Desktop\Proyecto Final CGI\Proyecto\VF8\PFCGI\CGIP08\EspinosaGarciaDiego_PROYECTO_GPO08.cpp(1486,10): warning C4244: '=': conversión de 'double' a 'GLfloat'; posible pérdida de datos
soil2-debug.lib(SOIL2.obj) : warning LNK4075: se omite '/EDITANDCONTINUE' debido a la especificación '/OPT:ICF'
LINK : warning LNK4098: la biblioteca predeterminada'MSVCRTD' entra en conflicto con otras bibliotecas; use la biblioteca /NODEFAULTLIB:biblioteca
  Generando código
  Previous IPDB not found, fall back to full compilation.
  All 643 functions were compiled because no usable IPDB/IOBJ from previous compilation was found.
  Generación de código finalizada
soil2-debug.lib(etc1_utils.obj) : warning LNK4099: no se encontró PDB 'soil2-debug.pdb' con 'soil2-debug.lib(etc1_utils.obj)' o en 'C:\Users\fenix\Desktop\Proyecto Final CGI\Proyecto\VF8\PFCGI\Release\soil2-debug.pdb'; se vinculará el objeto sin tener en cuenta información de depuración
soil2-debug.lib(image_DXT.obj) : warning LNK4099: no se encontró PDB 'soil2-debug.pdb' con 'soil2-debug.lib(image_DXT.obj)' o en 'C:\Users\fenix\Desktop\Proyecto Final CGI\Proyecto\VF8\PFCGI\Release\soil2-debug.pdb'; se vinculará el objeto sin tener en cuenta información de depuración
soil2-debug.lib(image_helper.obj) : warning LNK4099: no se encontró PDB 'soil2-debug.pdb' con 'soil2-debug.lib(image_helper.obj)' o en 'C:\Users\fenix\Desktop\Proyecto Final CGI\Proyecto\VF8\PFCGI\Release\soil2-debug.pdb'; se vinculará el objeto sin tener en cuenta información de depuración
soil2-debug.lib(SOIL2.obj) : warning LNK4099: no se encontró PDB 'soil2-debug.pdb' con 'soil2-debug.lib(SOIL2.obj)' o en 'C:\Users\fenix\Desktop\Proyecto Final CGI\Proyecto\VF8\PFCGI\Release\soil2-debug.pdb'; se vinculará el objeto sin tener en cuenta información de depuración
  CGIP08.vcxproj -> C:\Users\fenix\Desktop\Proyecto Final CGI\Proyecto\VF8\PFCGI\Release\EspinosaGarciaDiego_PROYECTO_GPO08.exe
